modules/expo-godot-view/android/build/intermediates/manifest_merge_blame_file/release/processReleaseManifest/manifest-merger-blame-release-report.txt
1<?xml version="1.0" encoding="utf-8"?>
2<manifest xmlns:android="http://schemas.android.com/apk/res/android"
3    package="expo.modules.godotview" >
4
5    <uses-sdk android:minSdkVersion="26" />
6
7    <application>
7-->src/main/AndroidManifest.xml:2:3-18:17
8
9        <!--
10      How the engine finds AndroidGodotInterface.
11
12      GodotPluginRegistry.loadPlugins() scans the APPLICATION meta-data for keys prefixed
13      `org.godotengine.plugin.v1.` and instantiates the named class reflectively via
14      getConstructor(Godot.class). The suffix after the prefix is the plugin name the registry
15      logs; the singleton name GDScript sees comes from getPluginName().
16
17      MobileComm.gd:25 checks Engine.has_singleton("AndroidGodotInterface"), so that string is
18      fixed on both sides. Because the class is only ever constructed by reflection, it also
19      needs the keep rule in proguard-rules.pro — nothing references it from Java/Kotlin.
20        -->
21        <meta-data
21-->src/main/AndroidManifest.xml:15:5-17:72
22            android:name="org.godotengine.plugin.v1.AndroidGodotInterface"
22-->src/main/AndroidManifest.xml:16:9-71
23            android:value="expo.modules.godotview.AndroidGodotInterface" />
23-->src/main/AndroidManifest.xml:17:9-69
24    </application>
25
26</manifest>